Mensaje I / 00:00:00:000 / Root(00) para top(01)
Mensaje I / 00:00:00:000 / top(01) para controller(02)
Mensaje D / 00:00:00:000 / controller(02) / 00:05:00:000 para top(01)
Mensaje D / 00:00:00:000 / top(01) / 00:05:00:000 para Root(00)
Mensaje * / 00:05:00:000 / Root(00) para top(01)
Mensaje * / 00:05:00:000 / top(01) para controller(02)
Mensaje Y / 00:05:00:000 / controller(02) / controllocks /      1.00000 para top(01)
Mensaje Y / 00:05:00:000 / controller(02) / controlqueue /      1.00000 para top(01)
Mensaje D / 00:05:00:000 / controller(02) / ... para top(01)
Mensaje Y / 00:05:00:000 / top(01) / controllocks /      1.00000 para Root(00)
Mensaje Y / 00:05:00:000 / top(01) / controlqueue /      1.00000 para Root(00)
Mensaje D / 00:05:00:000 / top(01) / ... para Root(00)
Mensaje X / 00:30:00:000 / Root(00) / controlin /      1.00000 para top(01)
Mensaje X / 00:30:00:000 / top(01) / controlin /      1.00000 para controller(02)
Mensaje D / 00:30:00:000 / controller(02) / 00:05:00:000 para top(01)
Mensaje D / 00:30:00:000 / top(01) / 00:05:00:000 para Root(00)
Mensaje X / 00:32:00:000 / Root(00) / controlin /      1.00000 para top(01)
Mensaje X / 00:32:00:000 / top(01) / controlin /      1.00000 para controller(02)
Mensaje D / 00:32:00:000 / controller(02) / 00:03:00:000 para top(01)
Mensaje D / 00:32:00:000 / top(01) / 00:03:00:000 para Root(00)
Mensaje * / 00:35:00:000 / Root(00) para top(01)
Mensaje * / 00:35:00:000 / top(01) para controller(02)
Mensaje Y / 00:35:00:000 / controller(02) / controllocks /      1.00000 para top(01)
Mensaje Y / 00:35:00:000 / controller(02) / controlqueue /      1.00000 para top(01)
Mensaje D / 00:35:00:000 / controller(02) / ... para top(01)
Mensaje Y / 00:35:00:000 / top(01) / controllocks /      1.00000 para Root(00)
Mensaje Y / 00:35:00:000 / top(01) / controlqueue /      1.00000 para Root(00)
Mensaje D / 00:35:00:000 / top(01) / ... para Root(00)
Mensaje X / 00:40:00:000 / Root(00) / controlin /      1.00000 para top(01)
Mensaje X / 00:40:00:000 / top(01) / controlin /      1.00000 para controller(02)
Mensaje D / 00:40:00:000 / controller(02) / 00:05:00:000 para top(01)
Mensaje D / 00:40:00:000 / top(01) / 00:05:00:000 para Root(00)
Mensaje * / 00:45:00:000 / Root(00) para top(01)
Mensaje * / 00:45:00:000 / top(01) para controller(02)
Mensaje Y / 00:45:00:000 / controller(02) / controllocks /      1.00000 para top(01)
Mensaje Y / 00:45:00:000 / controller(02) / controlqueue /      1.00000 para top(01)
Mensaje D / 00:45:00:000 / controller(02) / ... para top(01)
Mensaje Y / 00:45:00:000 / top(01) / controllocks /      1.00000 para Root(00)
Mensaje Y / 00:45:00:000 / top(01) / controlqueue /      1.00000 para Root(00)
Mensaje D / 00:45:00:000 / top(01) / ... para Root(00)
Mensaje X / 01:00:00:000 / Root(00) / controlin /      1.00000 para top(01)
Mensaje X / 01:00:00:000 / top(01) / controlin /      1.00000 para controller(02)
Mensaje D / 01:00:00:000 / controller(02) / 00:05:00:000 para top(01)
Mensaje D / 01:00:00:000 / top(01) / 00:05:00:000 para Root(00)
Mensaje X / 01:04:59:000 / Root(00) / controlin /      1.00000 para top(01)
Mensaje X / 01:04:59:000 / top(01) / controlin /      1.00000 para controller(02)
Mensaje D / 01:04:59:000 / controller(02) / 00:00:01:000 para top(01)
Mensaje D / 01:04:59:000 / top(01) / 00:00:01:000 para Root(00)
Mensaje * / 01:05:00:000 / Root(00) para top(01)
Mensaje * / 01:05:00:000 / top(01) para controller(02)
Mensaje Y / 01:05:00:000 / controller(02) / controllocks /      1.00000 para top(01)
Mensaje Y / 01:05:00:000 / controller(02) / controlqueue /      1.00000 para top(01)
Mensaje D / 01:05:00:000 / controller(02) / ... para top(01)
Mensaje Y / 01:05:00:000 / top(01) / controllocks /      1.00000 para Root(00)
Mensaje Y / 01:05:00:000 / top(01) / controlqueue /      1.00000 para Root(00)
Mensaje D / 01:05:00:000 / top(01) / ... para Root(00)
