Mensaje I / 00:00:00:000 / Root(00) para top(01)
Mensaje I / 00:00:00:000 / top(01) para gate(02)
Mensaje D / 00:00:00:000 / gate(02) / ... para top(01)
Mensaje D / 00:00:00:000 / top(01) / ... para Root(00)
Mensaje X / 00:20:00:000 / Root(00) / in /     15.00000 para top(01)
Mensaje X / 00:20:00:000 / top(01) / in /     15.00000 para gate(02)
Mensaje D / 00:20:00:000 / gate(02) / ... para top(01)
Mensaje D / 00:20:00:000 / top(01) / ... para Root(00)
Mensaje X / 00:30:00:000 / Root(00) / controlin /      1.00000 para top(01)
Mensaje X / 00:30:00:000 / top(01) / controlin /      1.00000 para gate(02)
Mensaje D / 00:30:00:000 / gate(02) / 00:10:00:000 para top(01)
Mensaje D / 00:30:00:000 / top(01) / 00:10:00:000 para Root(00)
Mensaje X / 00:35:00:000 / Root(00) / controlin /      1.00000 para top(01)
Mensaje X / 00:35:00:000 / top(01) / controlin /      1.00000 para gate(02)
Mensaje D / 00:35:00:000 / gate(02) / 00:10:00:000 para top(01)
Mensaje D / 00:35:00:000 / top(01) / 00:10:00:000 para Root(00)
Mensaje * / 00:45:00:000 / Root(00) para top(01)
Mensaje * / 00:45:00:000 / top(01) para gate(02)
Mensaje D / 00:45:00:000 / gate(02) / ... para top(01)
Mensaje D / 00:45:00:000 / top(01) / ... para Root(00)
Mensaje X / 00:45:00:001 / Root(00) / in /     25.00000 para top(01)
Mensaje X / 00:45:00:001 / top(01) / in /     25.00000 para gate(02)
Mensaje D / 00:45:00:001 / gate(02) / 01:00:00:000 para top(01)
Mensaje D / 00:45:00:001 / top(01) / 01:00:00:000 para Root(00)
Mensaje X / 01:00:00:000 / Root(00) / in /     50.00000 para top(01)
Mensaje X / 01:00:00:000 / top(01) / in /     50.00000 para gate(02)
Mensaje D / 01:00:00:000 / gate(02) / 00:45:00:001 para top(01)
Mensaje D / 01:00:00:000 / top(01) / 00:45:00:001 para Root(00)
Mensaje * / 01:45:00:001 / Root(00) para top(01)
Mensaje * / 01:45:00:001 / top(01) para gate(02)
Mensaje Y / 01:45:00:001 / gate(02) / out /     25.00000 para top(01)
Mensaje Y / 01:45:00:001 / gate(02) / controlout /      1.00000 para top(01)
Mensaje D / 01:45:00:001 / gate(02) / ... para top(01)
Mensaje Y / 01:45:00:001 / top(01) / out /     25.00000 para Root(00)
Mensaje Y / 01:45:00:001 / top(01) / controlout /      1.00000 para Root(00)
Mensaje D / 01:45:00:001 / top(01) / ... para Root(00)
