Mensaje I / 00:00:00:000 / Root(00) para top(01)
Mensaje I / 00:00:00:000 / top(01) para gate(02)
Mensaje I / 00:00:00:000 / top(01) para lock3(03)
Mensaje I / 00:00:00:000 / top(01) para lock2(04)
Mensaje I / 00:00:00:000 / top(01) para lock1(05)
Mensaje D / 00:00:00:000 / gate(02) / ... para top(01)
Mensaje D / 00:00:00:000 / lock3(03) / ... para top(01)
Mensaje D / 00:00:00:000 / lock2(04) / ... para top(01)
Mensaje D / 00:00:00:000 / lock1(05) / ... para top(01)
Mensaje D / 00:00:00:000 / top(01) / ... para Root(00)
Mensaje X / 00:30:00:000 / Root(00) / controlin /      1.00000 para top(01)
Mensaje X / 00:30:00:000 / top(01) / controlin /      1.00000 para lock1(05)
Mensaje D / 00:30:00:000 / lock1(05) / 00:10:00:000 para top(01)
Mensaje D / 00:30:00:000 / top(01) / 00:10:00:000 para Root(00)
Mensaje * / 00:40:00:000 / Root(00) para top(01)
Mensaje * / 00:40:00:000 / top(01) para lock1(05)
Mensaje D / 00:40:00:000 / lock1(05) / ... para top(01)
Mensaje D / 00:40:00:000 / top(01) / ... para Root(00)
Mensaje X / 00:40:00:001 / Root(00) / in /    100.00000 para top(01)
Mensaje X / 00:40:00:001 / top(01) / in /    100.00000 para lock1(05)
Mensaje D / 00:40:00:001 / lock1(05) / 01:00:00:000 para top(01)
Mensaje D / 00:40:00:001 / top(01) / 01:00:00:000 para Root(00)
Mensaje * / 01:40:00:001 / Root(00) para top(01)
Mensaje * / 01:40:00:001 / top(01) para lock1(05)
Mensaje Y / 01:40:00:001 / lock1(05) / controlout /      1.00000 para top(01)
Mensaje D / 01:40:00:001 / lock1(05) / 00:10:00:000 para top(01)
Mensaje X / 01:40:00:001 / top(01) / controlin /      1.00000 para lock2(04)
Mensaje D / 01:40:00:001 / lock2(04) / 00:10:00:000 para top(01)
Mensaje D / 01:40:00:001 / top(01) / 00:10:00:000 para Root(00)
Mensaje * / 01:50:00:001 / Root(00) para top(01)
Mensaje * / 01:50:00:001 / top(01) para lock2(04)
Mensaje D / 01:50:00:001 / lock2(04) / ... para top(01)
Mensaje D / 01:50:00:001 / top(01) / 00:00:00:000 para Root(00)
Mensaje * / 01:50:00:001 / Root(00) para top(01)
Mensaje * / 01:50:00:001 / top(01) para lock1(05)
Mensaje Y / 01:50:00:001 / lock1(05) / out /    100.00000 para top(01)
Mensaje D / 01:50:00:001 / lock1(05) / ... para top(01)
Mensaje X / 01:50:00:001 / top(01) / in /    100.00000 para lock2(04)
Mensaje D / 01:50:00:001 / lock2(04) / 01:00:00:000 para top(01)
Mensaje D / 01:50:00:001 / top(01) / 01:00:00:000 para Root(00)
Mensaje X / 01:50:00:002 / Root(00) / controlin /      1.00000 para top(01)
Mensaje X / 01:50:00:002 / top(01) / controlin /      1.00000 para lock1(05)
Mensaje D / 01:50:00:002 / lock1(05) / 00:10:00:000 para top(01)
Mensaje D / 01:50:00:002 / top(01) / 00:10:00:000 para Root(00)
Mensaje * / 02:00:00:002 / Root(00) para top(01)
Mensaje * / 02:00:00:002 / top(01) para lock1(05)
Mensaje D / 02:00:00:002 / lock1(05) / ... para top(01)
Mensaje D / 02:00:00:002 / top(01) / 00:49:59:999 para Root(00)
Mensaje X / 02:00:00:003 / Root(00) / in /    500.00000 para top(01)
Mensaje X / 02:00:00:003 / top(01) / in /    500.00000 para lock1(05)
Mensaje D / 02:00:00:003 / lock1(05) / 01:00:00:000 para top(01)
Mensaje D / 02:00:00:003 / top(01) / 00:49:59:998 para Root(00)
Mensaje * / 02:50:00:001 / Root(00) para top(01)
Mensaje * / 02:50:00:001 / top(01) para lock2(04)
Mensaje Y / 02:50:00:001 / lock2(04) / controlout /      1.00000 para top(01)
Mensaje D / 02:50:00:001 / lock2(04) / 00:10:00:000 para top(01)
Mensaje X / 02:50:00:001 / top(01) / controlin /      1.00000 para lock3(03)
Mensaje D / 02:50:00:001 / lock3(03) / 00:10:00:000 para top(01)
Mensaje D / 02:50:00:001 / top(01) / 00:10:00:000 para Root(00)
Mensaje X / 03:00:00:000 / Root(00) / controlin /      1.00000 para top(01)
Mensaje X / 03:00:00:000 / top(01) / controlin /      1.00000 para lock1(05)
Mensaje D / 03:00:00:000 / lock1(05) / 00:00:00:003 para top(01)
Mensaje D / 03:00:00:000 / top(01) / 00:00:00:001 para Root(00)
Mensaje * / 03:00:00:001 / Root(00) para top(01)
Mensaje * / 03:00:00:001 / top(01) para lock3(03)
Mensaje D / 03:00:00:001 / lock3(03) / ... para top(01)
Mensaje D / 03:00:00:001 / top(01) / 00:00:00:000 para Root(00)
Mensaje * / 03:00:00:001 / Root(00) para top(01)
Mensaje * / 03:00:00:001 / top(01) para lock2(04)
Mensaje Y / 03:00:00:001 / lock2(04) / out /    100.00000 para top(01)
Mensaje D / 03:00:00:001 / lock2(04) / ... para top(01)
Mensaje X / 03:00:00:001 / top(01) / in /    100.00000 para lock3(03)
Mensaje D / 03:00:00:001 / lock3(03) / 01:00:00:000 para top(01)
Mensaje D / 03:00:00:001 / top(01) / 00:00:00:002 para Root(00)
Mensaje * / 03:00:00:003 / Root(00) para top(01)
Mensaje * / 03:00:00:003 / top(01) para lock1(05)
Mensaje Y / 03:00:00:003 / lock1(05) / controlout /      1.00000 para top(01)
Mensaje D / 03:00:00:003 / lock1(05) / 00:10:00:000 para top(01)
Mensaje X / 03:00:00:003 / top(01) / controlin /      1.00000 para lock2(04)
Mensaje D / 03:00:00:003 / lock2(04) / 00:10:00:000 para top(01)
Mensaje D / 03:00:00:003 / top(01) / 00:10:00:000 para Root(00)
Mensaje X / 03:10:00:001 / Root(00) / in /    700.00000 para top(01)
Mensaje X / 03:10:00:001 / top(01) / in /    700.00000 para lock1(05)
Mensaje D / 03:10:00:001 / lock1(05) / 00:00:00:002 para top(01)
Mensaje D / 03:10:00:001 / top(01) / 00:00:00:002 para Root(00)
Mensaje * / 03:10:00:003 / Root(00) para top(01)
Mensaje * / 03:10:00:003 / top(01) para lock2(04)
Mensaje D / 03:10:00:003 / lock2(04) / ... para top(01)
Mensaje D / 03:10:00:003 / top(01) / 00:00:00:000 para Root(00)
Mensaje * / 03:10:00:003 / Root(00) para top(01)
Mensaje * / 03:10:00:003 / top(01) para lock1(05)
Mensaje Y / 03:10:00:003 / lock1(05) / out /    500.00000 para top(01)
Mensaje D / 03:10:00:003 / lock1(05) / ... para top(01)
Mensaje X / 03:10:00:003 / top(01) / in /    500.00000 para lock2(04)
Mensaje D / 03:10:00:003 / lock2(04) / 01:00:00:000 para top(01)
Mensaje D / 03:10:00:003 / top(01) / 00:49:59:998 para Root(00)
Mensaje X / 03:10:00:004 / Root(00) / controlin /      1.00000 para top(01)
Mensaje X / 03:10:00:004 / top(01) / controlin /      1.00000 para lock1(05)
Mensaje D / 03:10:00:004 / lock1(05) / 00:10:00:000 para top(01)
Mensaje D / 03:10:00:004 / top(01) / 00:10:00:000 para Root(00)
Mensaje * / 03:20:00:004 / Root(00) para top(01)
Mensaje * / 03:20:00:004 / top(01) para lock1(05)
Mensaje D / 03:20:00:004 / lock1(05) / ... para top(01)
Mensaje D / 03:20:00:004 / top(01) / 00:39:59:997 para Root(00)
Mensaje X / 03:20:00:005 / Root(00) / in /   1000.00000 para top(01)
Mensaje X / 03:20:00:005 / top(01) / in /   1000.00000 para lock1(05)
Mensaje D / 03:20:00:005 / lock1(05) / 01:00:00:000 para top(01)
Mensaje D / 03:20:00:005 / top(01) / 00:39:59:996 para Root(00)
Mensaje * / 04:00:00:001 / Root(00) para top(01)
Mensaje * / 04:00:00:001 / top(01) para lock3(03)
Mensaje Y / 04:00:00:001 / lock3(03) / controlout /      1.00000 para top(01)
Mensaje D / 04:00:00:001 / lock3(03) / 00:10:00:000 para top(01)
Mensaje X / 04:00:00:001 / top(01) / controlin /      1.00000 para gate(02)
Mensaje D / 04:00:00:001 / gate(02) / 00:10:00:000 para top(01)
Mensaje D / 04:00:00:001 / top(01) / 00:10:00:000 para Root(00)
Mensaje * / 04:10:00:001 / Root(00) para top(01)
Mensaje * / 04:10:00:001 / top(01) para gate(02)
Mensaje D / 04:10:00:001 / gate(02) / ... para top(01)
Mensaje D / 04:10:00:001 / top(01) / 00:00:00:000 para Root(00)
Mensaje * / 04:10:00:001 / Root(00) para top(01)
Mensaje * / 04:10:00:001 / top(01) para lock3(03)
Mensaje Y / 04:10:00:001 / lock3(03) / out /    100.00000 para top(01)
Mensaje D / 04:10:00:001 / lock3(03) / ... para top(01)
Mensaje X / 04:10:00:001 / top(01) / in /    100.00000 para gate(02)
Mensaje D / 04:10:00:001 / gate(02) / 01:00:00:000 para top(01)
Mensaje D / 04:10:00:001 / top(01) / 00:00:00:002 para Root(00)
Mensaje * / 04:10:00:003 / Root(00) para top(01)
Mensaje * / 04:10:00:003 / top(01) para lock2(04)
Mensaje Y / 04:10:00:003 / lock2(04) / controlout /      1.00000 para top(01)
Mensaje D / 04:10:00:003 / lock2(04) / 00:10:00:000 para top(01)
Mensaje X / 04:10:00:003 / top(01) / controlin /      1.00000 para lock3(03)
Mensaje D / 04:10:00:003 / lock3(03) / 00:10:00:000 para top(01)
Mensaje D / 04:10:00:003 / top(01) / 00:10:00:000 para Root(00)
Mensaje * / 04:20:00:003 / Root(00) para top(01)
Mensaje * / 04:20:00:003 / top(01) para lock3(03)
Mensaje D / 04:20:00:003 / lock3(03) / ... para top(01)
Mensaje D / 04:20:00:003 / top(01) / 00:00:00:000 para Root(00)
Mensaje * / 04:20:00:003 / Root(00) para top(01)
Mensaje * / 04:20:00:003 / top(01) para lock2(04)
Mensaje Y / 04:20:00:003 / lock2(04) / out /    500.00000 para top(01)
Mensaje D / 04:20:00:003 / lock2(04) / ... para top(01)
Mensaje X / 04:20:00:003 / top(01) / in /    500.00000 para lock3(03)
Mensaje D / 04:20:00:003 / lock3(03) / 01:00:00:000 para top(01)
Mensaje D / 04:20:00:003 / top(01) / 00:00:00:002 para Root(00)
Mensaje * / 04:20:00:005 / Root(00) para top(01)
Mensaje * / 04:20:00:005 / top(01) para lock1(05)
Mensaje Y / 04:20:00:005 / lock1(05) / controlout /      1.00000 para top(01)
Mensaje D / 04:20:00:005 / lock1(05) / 00:10:00:000 para top(01)
Mensaje X / 04:20:00:005 / top(01) / controlin /      1.00000 para lock2(04)
Mensaje D / 04:20:00:005 / lock2(04) / 00:10:00:000 para top(01)
Mensaje D / 04:20:00:005 / top(01) / 00:10:00:000 para Root(00)
Mensaje * / 04:30:00:005 / Root(00) para top(01)
Mensaje * / 04:30:00:005 / top(01) para lock2(04)
Mensaje D / 04:30:00:005 / lock2(04) / ... para top(01)
Mensaje D / 04:30:00:005 / top(01) / 00:00:00:000 para Root(00)
Mensaje * / 04:30:00:005 / Root(00) para top(01)
Mensaje * / 04:30:00:005 / top(01) para lock1(05)
Mensaje Y / 04:30:00:005 / lock1(05) / out /   1000.00000 para top(01)
Mensaje D / 04:30:00:005 / lock1(05) / ... para top(01)
Mensaje X / 04:30:00:005 / top(01) / in /   1000.00000 para lock2(04)
Mensaje D / 04:30:00:005 / lock2(04) / 01:00:00:000 para top(01)
Mensaje D / 04:30:00:005 / top(01) / 00:39:59:996 para Root(00)
Mensaje * / 05:10:00:001 / Root(00) para top(01)
Mensaje * / 05:10:00:001 / top(01) para gate(02)
Mensaje Y / 05:10:00:001 / gate(02) / out /    100.00000 para top(01)
Mensaje Y / 05:10:00:001 / gate(02) / controlout /      1.00000 para top(01)
Mensaje D / 05:10:00:001 / gate(02) / ... para top(01)
Mensaje Y / 05:10:00:001 / top(01) / out /    100.00000 para Root(00)
Mensaje Y / 05:10:00:001 / top(01) / controlout /      1.00000 para Root(00)
Mensaje D / 05:10:00:001 / top(01) / 00:10:00:002 para Root(00)
Mensaje * / 05:20:00:003 / Root(00) para top(01)
Mensaje * / 05:20:00:003 / top(01) para lock3(03)
Mensaje Y / 05:20:00:003 / lock3(03) / controlout /      1.00000 para top(01)
Mensaje D / 05:20:00:003 / lock3(03) / 00:10:00:000 para top(01)
Mensaje X / 05:20:00:003 / top(01) / controlin /      1.00000 para gate(02)
Mensaje D / 05:20:00:003 / gate(02) / 00:10:00:000 para top(01)
Mensaje D / 05:20:00:003 / top(01) / 00:10:00:000 para Root(00)
Mensaje * / 05:30:00:003 / Root(00) para top(01)
Mensaje * / 05:30:00:003 / top(01) para gate(02)
Mensaje D / 05:30:00:003 / gate(02) / ... para top(01)
Mensaje D / 05:30:00:003 / top(01) / 00:00:00:000 para Root(00)
Mensaje * / 05:30:00:003 / Root(00) para top(01)
Mensaje * / 05:30:00:003 / top(01) para lock3(03)
Mensaje Y / 05:30:00:003 / lock3(03) / out /    500.00000 para top(01)
Mensaje D / 05:30:00:003 / lock3(03) / ... para top(01)
Mensaje X / 05:30:00:003 / top(01) / in /    500.00000 para gate(02)
Mensaje D / 05:30:00:003 / gate(02) / 01:00:00:000 para top(01)
Mensaje D / 05:30:00:003 / top(01) / 00:00:00:002 para Root(00)
Mensaje * / 05:30:00:005 / Root(00) para top(01)
Mensaje * / 05:30:00:005 / top(01) para lock2(04)
Mensaje Y / 05:30:00:005 / lock2(04) / controlout /      1.00000 para top(01)
Mensaje D / 05:30:00:005 / lock2(04) / 00:10:00:000 para top(01)
Mensaje X / 05:30:00:005 / top(01) / controlin /      1.00000 para lock3(03)
Mensaje D / 05:30:00:005 / lock3(03) / 00:10:00:000 para top(01)
Mensaje D / 05:30:00:005 / top(01) / 00:10:00:000 para Root(00)
Mensaje * / 05:40:00:005 / Root(00) para top(01)
Mensaje * / 05:40:00:005 / top(01) para lock3(03)
Mensaje D / 05:40:00:005 / lock3(03) / ... para top(01)
Mensaje D / 05:40:00:005 / top(01) / 00:00:00:000 para Root(00)
Mensaje * / 05:40:00:005 / Root(00) para top(01)
Mensaje * / 05:40:00:005 / top(01) para lock2(04)
Mensaje Y / 05:40:00:005 / lock2(04) / out /   1000.00000 para top(01)
Mensaje D / 05:40:00:005 / lock2(04) / ... para top(01)
Mensaje X / 05:40:00:005 / top(01) / in /   1000.00000 para lock3(03)
Mensaje D / 05:40:00:005 / lock3(03) / 01:00:00:000 para top(01)
Mensaje D / 05:40:00:005 / top(01) / 00:49:59:998 para Root(00)
Mensaje * / 06:30:00:003 / Root(00) para top(01)
Mensaje * / 06:30:00:003 / top(01) para gate(02)
Mensaje Y / 06:30:00:003 / gate(02) / out /    500.00000 para top(01)
Mensaje Y / 06:30:00:003 / gate(02) / controlout /      1.00000 para top(01)
Mensaje D / 06:30:00:003 / gate(02) / ... para top(01)
Mensaje Y / 06:30:00:003 / top(01) / out /    500.00000 para Root(00)
Mensaje Y / 06:30:00:003 / top(01) / controlout /      1.00000 para Root(00)
Mensaje D / 06:30:00:003 / top(01) / 00:10:00:002 para Root(00)
Mensaje * / 06:40:00:005 / Root(00) para top(01)
Mensaje * / 06:40:00:005 / top(01) para lock3(03)
Mensaje Y / 06:40:00:005 / lock3(03) / controlout /      1.00000 para top(01)
Mensaje D / 06:40:00:005 / lock3(03) / 00:10:00:000 para top(01)
Mensaje X / 06:40:00:005 / top(01) / controlin /      1.00000 para gate(02)
Mensaje D / 06:40:00:005 / gate(02) / 00:10:00:000 para top(01)
Mensaje D / 06:40:00:005 / top(01) / 00:10:00:000 para Root(00)
Mensaje * / 06:50:00:005 / Root(00) para top(01)
Mensaje * / 06:50:00:005 / top(01) para gate(02)
Mensaje D / 06:50:00:005 / gate(02) / ... para top(01)
Mensaje D / 06:50:00:005 / top(01) / 00:00:00:000 para Root(00)
Mensaje * / 06:50:00:005 / Root(00) para top(01)
Mensaje * / 06:50:00:005 / top(01) para lock3(03)
Mensaje Y / 06:50:00:005 / lock3(03) / out /   1000.00000 para top(01)
Mensaje D / 06:50:00:005 / lock3(03) / ... para top(01)
Mensaje X / 06:50:00:005 / top(01) / in /   1000.00000 para gate(02)
Mensaje D / 06:50:00:005 / gate(02) / 01:00:00:000 para top(01)
Mensaje D / 06:50:00:005 / top(01) / 01:00:00:000 para Root(00)
Mensaje * / 07:50:00:005 / Root(00) para top(01)
Mensaje * / 07:50:00:005 / top(01) para gate(02)
Mensaje Y / 07:50:00:005 / gate(02) / out /   1000.00000 para top(01)
Mensaje Y / 07:50:00:005 / gate(02) / controlout /      1.00000 para top(01)
Mensaje D / 07:50:00:005 / gate(02) / ... para top(01)
Mensaje Y / 07:50:00:005 / top(01) / out /   1000.00000 para Root(00)
Mensaje Y / 07:50:00:005 / top(01) / controlout /      1.00000 para Root(00)
Mensaje D / 07:50:00:005 / top(01) / ... para Root(00)
