Mensaje I / 00:00:00:000 / Root(00) para top(01)
Mensaje I / 00:00:00:000 / top(01) para lock(02)
Mensaje D / 00:00:00:000 / lock(02) / ... para top(01)
Mensaje D / 00:00:00:000 / top(01) / ... para Root(00)
Mensaje X / 00:30:00:000 / Root(00) / controlin /      1.00000 para top(01)
Mensaje X / 00:30:00:000 / top(01) / controlin /      1.00000 para lock(02)
Mensaje D / 00:30:00:000 / lock(02) / 00:10:00:000 para top(01)
Mensaje D / 00:30:00:000 / top(01) / 00:10:00:000 para Root(00)
Mensaje X / 00:35:00:000 / Root(00) / controlin /      1.00000 para top(01)
Mensaje X / 00:35:00:000 / top(01) / controlin /      1.00000 para lock(02)
Mensaje D / 00:35:00:000 / lock(02) / 00:10:00:000 para top(01)
Mensaje D / 00:35:00:000 / top(01) / 00:10:00:000 para Root(00)
Mensaje X / 00:40:00:001 / Root(00) / in /    100.00000 para top(01)
Mensaje X / 00:40:00:001 / top(01) / in /    100.00000 para lock(02)
Mensaje D / 00:40:00:001 / lock(02) / 00:04:59:999 para top(01)
Mensaje D / 00:40:00:001 / top(01) / 00:04:59:999 para Root(00)
Mensaje * / 00:45:00:000 / Root(00) para top(01)
Mensaje * / 00:45:00:000 / top(01) para lock(02)
Mensaje D / 00:45:00:000 / lock(02) / ... para top(01)
Mensaje D / 00:45:00:000 / top(01) / ... para Root(00)
Mensaje X / 00:45:00:001 / Root(00) / in /    200.00000 para top(01)
Mensaje X / 00:45:00:001 / top(01) / in /    200.00000 para lock(02)
Mensaje D / 00:45:00:001 / lock(02) / 01:00:00:000 para top(01)
Mensaje D / 00:45:00:001 / top(01) / 01:00:00:000 para Root(00)
Mensaje * / 01:45:00:001 / Root(00) para top(01)
Mensaje * / 01:45:00:001 / top(01) para lock(02)
Mensaje Y / 01:45:00:001 / lock(02) / controlout /      1.00000 para top(01)
Mensaje D / 01:45:00:001 / lock(02) / 00:10:00:000 para top(01)
Mensaje Y / 01:45:00:001 / top(01) / controlout /      1.00000 para Root(00)
Mensaje D / 01:45:00:001 / top(01) / 00:10:00:000 para Root(00)
Mensaje * / 01:55:00:001 / Root(00) para top(01)
Mensaje * / 01:55:00:001 / top(01) para lock(02)
Mensaje Y / 01:55:00:001 / lock(02) / out /    200.00000 para top(01)
Mensaje D / 01:55:00:001 / lock(02) / ... para top(01)
Mensaje Y / 01:55:00:001 / top(01) / out /    200.00000 para Root(00)
Mensaje D / 01:55:00:001 / top(01) / ... para Root(00)
Mensaje X / 02:00:00:000 / Root(00) / controlin /      1.00000 para top(01)
Mensaje X / 02:00:00:000 / top(01) / controlin /      1.00000 para lock(02)
Mensaje D / 02:00:00:000 / lock(02) / 00:10:00:000 para top(01)
Mensaje D / 02:00:00:000 / top(01) / 00:10:00:000 para Root(00)
Mensaje * / 02:10:00:000 / Root(00) para top(01)
Mensaje * / 02:10:00:000 / top(01) para lock(02)
Mensaje D / 02:10:00:000 / lock(02) / ... para top(01)
Mensaje D / 02:10:00:000 / top(01) / ... para Root(00)
Mensaje X / 03:00:00:000 / Root(00) / in /    500.00000 para top(01)
Mensaje X / 03:00:00:000 / top(01) / in /    500.00000 para lock(02)
Mensaje D / 03:00:00:000 / lock(02) / 01:00:00:000 para top(01)
Mensaje D / 03:00:00:000 / top(01) / 01:00:00:000 para Root(00)
Mensaje * / 04:00:00:000 / Root(00) para top(01)
Mensaje * / 04:00:00:000 / top(01) para lock(02)
Mensaje Y / 04:00:00:000 / lock(02) / controlout /      1.00000 para top(01)
Mensaje D / 04:00:00:000 / lock(02) / 00:10:00:000 para top(01)
Mensaje Y / 04:00:00:000 / top(01) / controlout /      1.00000 para Root(00)
Mensaje D / 04:00:00:000 / top(01) / 00:10:00:000 para Root(00)
Mensaje * / 04:10:00:000 / Root(00) para top(01)
Mensaje * / 04:10:00:000 / top(01) para lock(02)
Mensaje Y / 04:10:00:000 / lock(02) / out /    500.00000 para top(01)
Mensaje D / 04:10:00:000 / lock(02) / ... para top(01)
Mensaje Y / 04:10:00:000 / top(01) / out /    500.00000 para Root(00)
Mensaje D / 04:10:00:000 / top(01) / ... para Root(00)
