Mensaje I / 00:00:00:000 / Root(00) para top(01)
Mensaje I / 00:00:00:000 / top(01) para controller(02)
Mensaje I / 00:00:00:000 / top(01) para queue(03)
Mensaje I / 00:00:00:000 / top(01) para gatun_locks(04)
Mensaje D / 00:00:00:000 / controller(02) / 00:05:00:000 para top(01)
Mensaje D / 00:00:00:000 / queue(03) / ... para top(01)
Mensaje I / 00:00:00:000 / gatun_locks(04) para gate(05)
Mensaje I / 00:00:00:000 / gatun_locks(04) para lock3(06)
Mensaje I / 00:00:00:000 / gatun_locks(04) para lock2(07)
Mensaje I / 00:00:00:000 / gatun_locks(04) para lock1(08)
Mensaje D / 00:00:00:000 / gate(05) / ... para gatun_locks(04)
Mensaje D / 00:00:00:000 / lock3(06) / ... para gatun_locks(04)
Mensaje D / 00:00:00:000 / lock2(07) / ... para gatun_locks(04)
Mensaje D / 00:00:00:000 / lock1(08) / ... para gatun_locks(04)
Mensaje D / 00:00:00:000 / gatun_locks(04) / ... para top(01)
Mensaje D / 00:00:00:000 / top(01) / 00:05:00:000 para Root(00)
Mensaje X / 00:00:00:000 / Root(00) / in /    300.00000 para top(01)
Mensaje X / 00:00:00:000 / top(01) / in /    300.00000 para queue(03)
Mensaje D / 00:00:00:000 / queue(03) / ... para top(01)
Mensaje D / 00:00:00:000 / top(01) / 00:05:00:000 para Root(00)
Mensaje * / 00:05:00:000 / Root(00) para top(01)
Mensaje * / 00:05:00:000 / top(01) para controller(02)
Mensaje Y / 00:05:00:000 / controller(02) / controllocks /      1.00000 para top(01)
Mensaje Y / 00:05:00:000 / controller(02) / controlqueue /      1.00000 para top(01)
Mensaje D / 00:05:00:000 / controller(02) / ... para top(01)
Mensaje X / 00:05:00:000 / top(01) / controlin /      1.00000 para gatun_locks(04)
Mensaje X / 00:05:00:000 / top(01) / controlin /      1.00000 para queue(03)
Mensaje X / 00:05:00:000 / gatun_locks(04) / controlin /      1.00000 para lock1(08)
Mensaje D / 00:05:00:000 / queue(03) / 00:30:00:000 para top(01)
Mensaje D / 00:05:00:000 / lock1(08) / 00:10:00:000 para gatun_locks(04)
Mensaje D / 00:05:00:000 / gatun_locks(04) / 00:10:00:000 para top(01)
Mensaje D / 00:05:00:000 / top(01) / 00:10:00:000 para Root(00)
Mensaje * / 00:15:00:000 / Root(00) para top(01)
Mensaje * / 00:15:00:000 / top(01) para gatun_locks(04)
Mensaje * / 00:15:00:000 / gatun_locks(04) para lock1(08)
Mensaje D / 00:15:00:000 / lock1(08) / ... para gatun_locks(04)
Mensaje D / 00:15:00:000 / gatun_locks(04) / ... para top(01)
Mensaje D / 00:15:00:000 / top(01) / 00:20:00:000 para Root(00)
Mensaje * / 00:35:00:000 / Root(00) para top(01)
Mensaje * / 00:35:00:000 / top(01) para queue(03)
Mensaje Y / 00:35:00:000 / queue(03) / out /    300.00000 para top(01)
Mensaje D / 00:35:00:000 / queue(03) / ... para top(01)
Mensaje X / 00:35:00:000 / top(01) / in /    300.00000 para gatun_locks(04)
Mensaje X / 00:35:00:000 / gatun_locks(04) / in /    300.00000 para lock1(08)
Mensaje D / 00:35:00:000 / lock1(08) / 01:00:00:000 para gatun_locks(04)
Mensaje D / 00:35:00:000 / gatun_locks(04) / 01:00:00:000 para top(01)
Mensaje D / 00:35:00:000 / top(01) / 01:00:00:000 para Root(00)
Mensaje * / 01:35:00:000 / Root(00) para top(01)
Mensaje * / 01:35:00:000 / top(01) para gatun_locks(04)
Mensaje * / 01:35:00:000 / gatun_locks(04) para lock1(08)
Mensaje Y / 01:35:00:000 / lock1(08) / controlout /      1.00000 para gatun_locks(04)
Mensaje D / 01:35:00:000 / lock1(08) / 00:10:00:000 para gatun_locks(04)
Mensaje X / 01:35:00:000 / gatun_locks(04) / controlin /      1.00000 para lock2(07)
Mensaje D / 01:35:00:000 / lock2(07) / 00:10:00:000 para gatun_locks(04)
Mensaje D / 01:35:00:000 / gatun_locks(04) / 00:10:00:000 para top(01)
Mensaje D / 01:35:00:000 / top(01) / 00:10:00:000 para Root(00)
Mensaje * / 01:45:00:000 / Root(00) para top(01)
Mensaje * / 01:45:00:000 / top(01) para gatun_locks(04)
Mensaje * / 01:45:00:000 / gatun_locks(04) para lock2(07)
Mensaje D / 01:45:00:000 / lock2(07) / ... para gatun_locks(04)
Mensaje D / 01:45:00:000 / gatun_locks(04) / 00:00:00:000 para top(01)
Mensaje D / 01:45:00:000 / top(01) / 00:00:00:000 para Root(00)
Mensaje * / 01:45:00:000 / Root(00) para top(01)
Mensaje * / 01:45:00:000 / top(01) para gatun_locks(04)
Mensaje * / 01:45:00:000 / gatun_locks(04) para lock1(08)
Mensaje Y / 01:45:00:000 / lock1(08) / out /    300.00000 para gatun_locks(04)
Mensaje D / 01:45:00:000 / lock1(08) / ... para gatun_locks(04)
Mensaje X / 01:45:00:000 / gatun_locks(04) / in /    300.00000 para lock2(07)
Mensaje D / 01:45:00:000 / lock2(07) / 01:00:00:000 para gatun_locks(04)
Mensaje D / 01:45:00:000 / gatun_locks(04) / 01:00:00:000 para top(01)
Mensaje D / 01:45:00:000 / top(01) / 01:00:00:000 para Root(00)
Mensaje * / 02:45:00:000 / Root(00) para top(01)
Mensaje * / 02:45:00:000 / top(01) para gatun_locks(04)
Mensaje * / 02:45:00:000 / gatun_locks(04) para lock2(07)
Mensaje Y / 02:45:00:000 / lock2(07) / controlout /      1.00000 para gatun_locks(04)
Mensaje D / 02:45:00:000 / lock2(07) / 00:10:00:000 para gatun_locks(04)
Mensaje X / 02:45:00:000 / gatun_locks(04) / controlin /      1.00000 para lock3(06)
Mensaje D / 02:45:00:000 / lock3(06) / 00:10:00:000 para gatun_locks(04)
Mensaje D / 02:45:00:000 / gatun_locks(04) / 00:10:00:000 para top(01)
Mensaje D / 02:45:00:000 / top(01) / 00:10:00:000 para Root(00)
Mensaje * / 02:55:00:000 / Root(00) para top(01)
Mensaje * / 02:55:00:000 / top(01) para gatun_locks(04)
Mensaje * / 02:55:00:000 / gatun_locks(04) para lock3(06)
Mensaje D / 02:55:00:000 / lock3(06) / ... para gatun_locks(04)
Mensaje D / 02:55:00:000 / gatun_locks(04) / 00:00:00:000 para top(01)
Mensaje D / 02:55:00:000 / top(01) / 00:00:00:000 para Root(00)
Mensaje * / 02:55:00:000 / Root(00) para top(01)
Mensaje * / 02:55:00:000 / top(01) para gatun_locks(04)
Mensaje * / 02:55:00:000 / gatun_locks(04) para lock2(07)
Mensaje Y / 02:55:00:000 / lock2(07) / out /    300.00000 para gatun_locks(04)
Mensaje D / 02:55:00:000 / lock2(07) / ... para gatun_locks(04)
Mensaje X / 02:55:00:000 / gatun_locks(04) / in /    300.00000 para lock3(06)
Mensaje D / 02:55:00:000 / lock3(06) / 01:00:00:000 para gatun_locks(04)
Mensaje D / 02:55:00:000 / gatun_locks(04) / 01:00:00:000 para top(01)
Mensaje D / 02:55:00:000 / top(01) / 01:00:00:000 para Root(00)
Mensaje X / 03:00:00:000 / Root(00) / in /    500.00000 para top(01)
Mensaje X / 03:00:00:000 / top(01) / in /    500.00000 para queue(03)
Mensaje D / 03:00:00:000 / queue(03) / ... para top(01)
Mensaje D / 03:00:00:000 / top(01) / 00:55:00:000 para Root(00)
Mensaje * / 03:55:00:000 / Root(00) para top(01)
Mensaje * / 03:55:00:000 / top(01) para gatun_locks(04)
Mensaje * / 03:55:00:000 / gatun_locks(04) para lock3(06)
Mensaje Y / 03:55:00:000 / lock3(06) / controlout /      1.00000 para gatun_locks(04)
Mensaje D / 03:55:00:000 / lock3(06) / 00:10:00:000 para gatun_locks(04)
Mensaje X / 03:55:00:000 / gatun_locks(04) / controlin /      1.00000 para gate(05)
Mensaje D / 03:55:00:000 / gate(05) / 00:10:00:000 para gatun_locks(04)
Mensaje D / 03:55:00:000 / gatun_locks(04) / 00:10:00:000 para top(01)
Mensaje D / 03:55:00:000 / top(01) / 00:10:00:000 para Root(00)
Mensaje * / 04:05:00:000 / Root(00) para top(01)
Mensaje * / 04:05:00:000 / top(01) para gatun_locks(04)
Mensaje * / 04:05:00:000 / gatun_locks(04) para gate(05)
Mensaje D / 04:05:00:000 / gate(05) / ... para gatun_locks(04)
Mensaje D / 04:05:00:000 / gatun_locks(04) / 00:00:00:000 para top(01)
Mensaje D / 04:05:00:000 / top(01) / 00:00:00:000 para Root(00)
Mensaje * / 04:05:00:000 / Root(00) para top(01)
Mensaje * / 04:05:00:000 / top(01) para gatun_locks(04)
Mensaje * / 04:05:00:000 / gatun_locks(04) para lock3(06)
Mensaje Y / 04:05:00:000 / lock3(06) / out /    300.00000 para gatun_locks(04)
Mensaje D / 04:05:00:000 / lock3(06) / ... para gatun_locks(04)
Mensaje X / 04:05:00:000 / gatun_locks(04) / in /    300.00000 para gate(05)
Mensaje D / 04:05:00:000 / gate(05) / 01:00:00:000 para gatun_locks(04)
Mensaje D / 04:05:00:000 / gatun_locks(04) / 01:00:00:000 para top(01)
Mensaje D / 04:05:00:000 / top(01) / 01:00:00:000 para Root(00)
Mensaje * / 05:05:00:000 / Root(00) para top(01)
Mensaje * / 05:05:00:000 / top(01) para gatun_locks(04)
Mensaje * / 05:05:00:000 / gatun_locks(04) para gate(05)
Mensaje Y / 05:05:00:000 / gate(05) / out /    300.00000 para gatun_locks(04)
Mensaje Y / 05:05:00:000 / gate(05) / controlout /      1.00000 para gatun_locks(04)
Mensaje D / 05:05:00:000 / gate(05) / ... para gatun_locks(04)
Mensaje Y / 05:05:00:000 / gatun_locks(04) / out /    300.00000 para top(01)
Mensaje Y / 05:05:00:000 / gatun_locks(04) / controlout /      1.00000 para top(01)
Mensaje D / 05:05:00:000 / gatun_locks(04) / ... para top(01)
Mensaje Y / 05:05:00:000 / top(01) / out /    300.00000 para Root(00)
Mensaje X / 05:05:00:000 / top(01) / controlin /      1.00000 para controller(02)
Mensaje D / 05:05:00:000 / controller(02) / 00:05:00:000 para top(01)
Mensaje D / 05:05:00:000 / top(01) / 00:05:00:000 para Root(00)
Mensaje * / 05:10:00:000 / Root(00) para top(01)
Mensaje * / 05:10:00:000 / top(01) para controller(02)
Mensaje Y / 05:10:00:000 / controller(02) / controllocks /      1.00000 para top(01)
Mensaje Y / 05:10:00:000 / controller(02) / controlqueue /      1.00000 para top(01)
Mensaje D / 05:10:00:000 / controller(02) / ... para top(01)
Mensaje X / 05:10:00:000 / top(01) / controlin /      1.00000 para gatun_locks(04)
Mensaje X / 05:10:00:000 / top(01) / controlin /      1.00000 para queue(03)
Mensaje X / 05:10:00:000 / gatun_locks(04) / controlin /      1.00000 para lock1(08)
Mensaje D / 05:10:00:000 / queue(03) / 00:30:00:000 para top(01)
Mensaje D / 05:10:00:000 / lock1(08) / 00:10:00:000 para gatun_locks(04)
Mensaje D / 05:10:00:000 / gatun_locks(04) / 00:10:00:000 para top(01)
Mensaje D / 05:10:00:000 / top(01) / 00:10:00:000 para Root(00)
Mensaje * / 05:20:00:000 / Root(00) para top(01)
Mensaje * / 05:20:00:000 / top(01) para gatun_locks(04)
Mensaje * / 05:20:00:000 / gatun_locks(04) para lock1(08)
Mensaje D / 05:20:00:000 / lock1(08) / ... para gatun_locks(04)
Mensaje D / 05:20:00:000 / gatun_locks(04) / ... para top(01)
Mensaje D / 05:20:00:000 / top(01) / 00:20:00:000 para Root(00)
Mensaje * / 05:40:00:000 / Root(00) para top(01)
Mensaje * / 05:40:00:000 / top(01) para queue(03)
Mensaje Y / 05:40:00:000 / queue(03) / out /    500.00000 para top(01)
Mensaje D / 05:40:00:000 / queue(03) / ... para top(01)
Mensaje X / 05:40:00:000 / top(01) / in /    500.00000 para gatun_locks(04)
Mensaje X / 05:40:00:000 / gatun_locks(04) / in /    500.00000 para lock1(08)
Mensaje D / 05:40:00:000 / lock1(08) / 01:00:00:000 para gatun_locks(04)
Mensaje D / 05:40:00:000 / gatun_locks(04) / 01:00:00:000 para top(01)
Mensaje D / 05:40:00:000 / top(01) / 01:00:00:000 para Root(00)
Mensaje X / 06:00:00:000 / Root(00) / in /    600.00000 para top(01)
Mensaje X / 06:00:00:000 / top(01) / in /    600.00000 para queue(03)
Mensaje D / 06:00:00:000 / queue(03) / ... para top(01)
Mensaje D / 06:00:00:000 / top(01) / 00:40:00:000 para Root(00)
Mensaje X / 06:00:00:001 / Root(00) / in /    900.00000 para top(01)
Mensaje X / 06:00:00:001 / top(01) / in /    900.00000 para queue(03)
Mensaje D / 06:00:00:001 / queue(03) / ... para top(01)
Mensaje D / 06:00:00:001 / top(01) / 00:39:59:999 para Root(00)
Mensaje * / 06:40:00:000 / Root(00) para top(01)
Mensaje * / 06:40:00:000 / top(01) para gatun_locks(04)
Mensaje * / 06:40:00:000 / gatun_locks(04) para lock1(08)
Mensaje Y / 06:40:00:000 / lock1(08) / controlout /      1.00000 para gatun_locks(04)
Mensaje D / 06:40:00:000 / lock1(08) / 00:10:00:000 para gatun_locks(04)
Mensaje X / 06:40:00:000 / gatun_locks(04) / controlin /      1.00000 para lock2(07)
Mensaje D / 06:40:00:000 / lock2(07) / 00:10:00:000 para gatun_locks(04)
Mensaje D / 06:40:00:000 / gatun_locks(04) / 00:10:00:000 para top(01)
Mensaje D / 06:40:00:000 / top(01) / 00:10:00:000 para Root(00)
Mensaje * / 06:50:00:000 / Root(00) para top(01)
Mensaje * / 06:50:00:000 / top(01) para gatun_locks(04)
Mensaje * / 06:50:00:000 / gatun_locks(04) para lock2(07)
Mensaje D / 06:50:00:000 / lock2(07) / ... para gatun_locks(04)
Mensaje D / 06:50:00:000 / gatun_locks(04) / 00:00:00:000 para top(01)
Mensaje D / 06:50:00:000 / top(01) / 00:00:00:000 para Root(00)
Mensaje * / 06:50:00:000 / Root(00) para top(01)
Mensaje * / 06:50:00:000 / top(01) para gatun_locks(04)
Mensaje * / 06:50:00:000 / gatun_locks(04) para lock1(08)
Mensaje Y / 06:50:00:000 / lock1(08) / out /    500.00000 para gatun_locks(04)
Mensaje D / 06:50:00:000 / lock1(08) / ... para gatun_locks(04)
Mensaje X / 06:50:00:000 / gatun_locks(04) / in /    500.00000 para lock2(07)
Mensaje D / 06:50:00:000 / lock2(07) / 01:00:00:000 para gatun_locks(04)
Mensaje D / 06:50:00:000 / gatun_locks(04) / 01:00:00:000 para top(01)
Mensaje D / 06:50:00:000 / top(01) / 01:00:00:000 para Root(00)
Mensaje * / 07:50:00:000 / Root(00) para top(01)
Mensaje * / 07:50:00:000 / top(01) para gatun_locks(04)
Mensaje * / 07:50:00:000 / gatun_locks(04) para lock2(07)
Mensaje Y / 07:50:00:000 / lock2(07) / controlout /      1.00000 para gatun_locks(04)
Mensaje D / 07:50:00:000 / lock2(07) / 00:10:00:000 para gatun_locks(04)
Mensaje X / 07:50:00:000 / gatun_locks(04) / controlin /      1.00000 para lock3(06)
Mensaje D / 07:50:00:000 / lock3(06) / 00:10:00:000 para gatun_locks(04)
Mensaje D / 07:50:00:000 / gatun_locks(04) / 00:10:00:000 para top(01)
Mensaje D / 07:50:00:000 / top(01) / 00:10:00:000 para Root(00)
Mensaje * / 08:00:00:000 / Root(00) para top(01)
Mensaje * / 08:00:00:000 / top(01) para gatun_locks(04)
Mensaje * / 08:00:00:000 / gatun_locks(04) para lock3(06)
Mensaje D / 08:00:00:000 / lock3(06) / ... para gatun_locks(04)
Mensaje D / 08:00:00:000 / gatun_locks(04) / 00:00:00:000 para top(01)
Mensaje D / 08:00:00:000 / top(01) / 00:00:00:000 para Root(00)
Mensaje * / 08:00:00:000 / Root(00) para top(01)
Mensaje * / 08:00:00:000 / top(01) para gatun_locks(04)
Mensaje * / 08:00:00:000 / gatun_locks(04) para lock2(07)
Mensaje Y / 08:00:00:000 / lock2(07) / out /    500.00000 para gatun_locks(04)
Mensaje D / 08:00:00:000 / lock2(07) / ... para gatun_locks(04)
Mensaje X / 08:00:00:000 / gatun_locks(04) / in /    500.00000 para lock3(06)
Mensaje D / 08:00:00:000 / lock3(06) / 01:00:00:000 para gatun_locks(04)
Mensaje D / 08:00:00:000 / gatun_locks(04) / 01:00:00:000 para top(01)
Mensaje D / 08:00:00:000 / top(01) / 01:00:00:000 para Root(00)
Mensaje * / 09:00:00:000 / Root(00) para top(01)
Mensaje * / 09:00:00:000 / top(01) para gatun_locks(04)
Mensaje * / 09:00:00:000 / gatun_locks(04) para lock3(06)
Mensaje Y / 09:00:00:000 / lock3(06) / controlout /      1.00000 para gatun_locks(04)
Mensaje D / 09:00:00:000 / lock3(06) / 00:10:00:000 para gatun_locks(04)
Mensaje X / 09:00:00:000 / gatun_locks(04) / controlin /      1.00000 para gate(05)
Mensaje D / 09:00:00:000 / gate(05) / 00:10:00:000 para gatun_locks(04)
Mensaje D / 09:00:00:000 / gatun_locks(04) / 00:10:00:000 para top(01)
Mensaje D / 09:00:00:000 / top(01) / 00:10:00:000 para Root(00)
Mensaje * / 09:10:00:000 / Root(00) para top(01)
Mensaje * / 09:10:00:000 / top(01) para gatun_locks(04)
Mensaje * / 09:10:00:000 / gatun_locks(04) para gate(05)
Mensaje D / 09:10:00:000 / gate(05) / ... para gatun_locks(04)
Mensaje D / 09:10:00:000 / gatun_locks(04) / 00:00:00:000 para top(01)
Mensaje D / 09:10:00:000 / top(01) / 00:00:00:000 para Root(00)
Mensaje * / 09:10:00:000 / Root(00) para top(01)
Mensaje * / 09:10:00:000 / top(01) para gatun_locks(04)
Mensaje * / 09:10:00:000 / gatun_locks(04) para lock3(06)
Mensaje Y / 09:10:00:000 / lock3(06) / out /    500.00000 para gatun_locks(04)
Mensaje D / 09:10:00:000 / lock3(06) / ... para gatun_locks(04)
Mensaje X / 09:10:00:000 / gatun_locks(04) / in /    500.00000 para gate(05)
Mensaje D / 09:10:00:000 / gate(05) / 01:00:00:000 para gatun_locks(04)
Mensaje D / 09:10:00:000 / gatun_locks(04) / 01:00:00:000 para top(01)
Mensaje D / 09:10:00:000 / top(01) / 01:00:00:000 para Root(00)
Mensaje X / 10:00:00:000 / Root(00) / in /   1000.00000 para top(01)
Mensaje X / 10:00:00:000 / top(01) / in /   1000.00000 para queue(03)
Mensaje D / 10:00:00:000 / queue(03) / ... para top(01)
Mensaje D / 10:00:00:000 / top(01) / 00:10:00:000 para Root(00)
Mensaje * / 10:10:00:000 / Root(00) para top(01)
Mensaje * / 10:10:00:000 / top(01) para gatun_locks(04)
Mensaje * / 10:10:00:000 / gatun_locks(04) para gate(05)
Mensaje Y / 10:10:00:000 / gate(05) / out /    500.00000 para gatun_locks(04)
Mensaje Y / 10:10:00:000 / gate(05) / controlout /      1.00000 para gatun_locks(04)
Mensaje D / 10:10:00:000 / gate(05) / ... para gatun_locks(04)
Mensaje Y / 10:10:00:000 / gatun_locks(04) / out /    500.00000 para top(01)
Mensaje Y / 10:10:00:000 / gatun_locks(04) / controlout /      1.00000 para top(01)
Mensaje D / 10:10:00:000 / gatun_locks(04) / ... para top(01)
Mensaje Y / 10:10:00:000 / top(01) / out /    500.00000 para Root(00)
Mensaje X / 10:10:00:000 / top(01) / controlin /      1.00000 para controller(02)
Mensaje D / 10:10:00:000 / controller(02) / 00:05:00:000 para top(01)
Mensaje D / 10:10:00:000 / top(01) / 00:05:00:000 para Root(00)
Mensaje * / 10:15:00:000 / Root(00) para top(01)
Mensaje * / 10:15:00:000 / top(01) para controller(02)
Mensaje Y / 10:15:00:000 / controller(02) / controllocks /      1.00000 para top(01)
Mensaje Y / 10:15:00:000 / controller(02) / controlqueue /      1.00000 para top(01)
Mensaje D / 10:15:00:000 / controller(02) / ... para top(01)
Mensaje X / 10:15:00:000 / top(01) / controlin /      1.00000 para gatun_locks(04)
Mensaje X / 10:15:00:000 / top(01) / controlin /      1.00000 para queue(03)
Mensaje X / 10:15:00:000 / gatun_locks(04) / controlin /      1.00000 para lock1(08)
Mensaje D / 10:15:00:000 / queue(03) / 00:30:00:000 para top(01)
Mensaje D / 10:15:00:000 / lock1(08) / 00:10:00:000 para gatun_locks(04)
Mensaje D / 10:15:00:000 / gatun_locks(04) / 00:10:00:000 para top(01)
Mensaje D / 10:15:00:000 / top(01) / 00:10:00:000 para Root(00)
Mensaje * / 10:25:00:000 / Root(00) para top(01)
Mensaje * / 10:25:00:000 / top(01) para gatun_locks(04)
Mensaje * / 10:25:00:000 / gatun_locks(04) para lock1(08)
Mensaje D / 10:25:00:000 / lock1(08) / ... para gatun_locks(04)
Mensaje D / 10:25:00:000 / gatun_locks(04) / ... para top(01)
Mensaje D / 10:25:00:000 / top(01) / 00:20:00:000 para Root(00)
Mensaje * / 10:45:00:000 / Root(00) para top(01)
Mensaje * / 10:45:00:000 / top(01) para queue(03)
Mensaje Y / 10:45:00:000 / queue(03) / out /    600.00000 para top(01)
Mensaje D / 10:45:00:000 / queue(03) / ... para top(01)
Mensaje X / 10:45:00:000 / top(01) / in /    600.00000 para gatun_locks(04)
Mensaje X / 10:45:00:000 / gatun_locks(04) / in /    600.00000 para lock1(08)
Mensaje D / 10:45:00:000 / lock1(08) / 01:00:00:000 para gatun_locks(04)
Mensaje D / 10:45:00:000 / gatun_locks(04) / 01:00:00:000 para top(01)
Mensaje D / 10:45:00:000 / top(01) / 01:00:00:000 para Root(00)
Mensaje * / 11:45:00:000 / Root(00) para top(01)
Mensaje * / 11:45:00:000 / top(01) para gatun_locks(04)
Mensaje * / 11:45:00:000 / gatun_locks(04) para lock1(08)
Mensaje Y / 11:45:00:000 / lock1(08) / controlout /      1.00000 para gatun_locks(04)
Mensaje D / 11:45:00:000 / lock1(08) / 00:10:00:000 para gatun_locks(04)
Mensaje X / 11:45:00:000 / gatun_locks(04) / controlin /      1.00000 para lock2(07)
Mensaje D / 11:45:00:000 / lock2(07) / 00:10:00:000 para gatun_locks(04)
Mensaje D / 11:45:00:000 / gatun_locks(04) / 00:10:00:000 para top(01)
Mensaje D / 11:45:00:000 / top(01) / 00:10:00:000 para Root(00)
Mensaje * / 11:55:00:000 / Root(00) para top(01)
Mensaje * / 11:55:00:000 / top(01) para gatun_locks(04)
Mensaje * / 11:55:00:000 / gatun_locks(04) para lock2(07)
Mensaje D / 11:55:00:000 / lock2(07) / ... para gatun_locks(04)
Mensaje D / 11:55:00:000 / gatun_locks(04) / 00:00:00:000 para top(01)
Mensaje D / 11:55:00:000 / top(01) / 00:00:00:000 para Root(00)
Mensaje * / 11:55:00:000 / Root(00) para top(01)
Mensaje * / 11:55:00:000 / top(01) para gatun_locks(04)
Mensaje * / 11:55:00:000 / gatun_locks(04) para lock1(08)
Mensaje Y / 11:55:00:000 / lock1(08) / out /    600.00000 para gatun_locks(04)
Mensaje D / 11:55:00:000 / lock1(08) / ... para gatun_locks(04)
Mensaje X / 11:55:00:000 / gatun_locks(04) / in /    600.00000 para lock2(07)
Mensaje D / 11:55:00:000 / lock2(07) / 01:00:00:000 para gatun_locks(04)
Mensaje D / 11:55:00:000 / gatun_locks(04) / 01:00:00:000 para top(01)
Mensaje D / 11:55:00:000 / top(01) / 01:00:00:000 para Root(00)
Mensaje * / 12:55:00:000 / Root(00) para top(01)
Mensaje * / 12:55:00:000 / top(01) para gatun_locks(04)
Mensaje * / 12:55:00:000 / gatun_locks(04) para lock2(07)
Mensaje Y / 12:55:00:000 / lock2(07) / controlout /      1.00000 para gatun_locks(04)
Mensaje D / 12:55:00:000 / lock2(07) / 00:10:00:000 para gatun_locks(04)
Mensaje X / 12:55:00:000 / gatun_locks(04) / controlin /      1.00000 para lock3(06)
Mensaje D / 12:55:00:000 / lock3(06) / 00:10:00:000 para gatun_locks(04)
Mensaje D / 12:55:00:000 / gatun_locks(04) / 00:10:00:000 para top(01)
Mensaje D / 12:55:00:000 / top(01) / 00:10:00:000 para Root(00)
Mensaje * / 13:05:00:000 / Root(00) para top(01)
Mensaje * / 13:05:00:000 / top(01) para gatun_locks(04)
Mensaje * / 13:05:00:000 / gatun_locks(04) para lock3(06)
Mensaje D / 13:05:00:000 / lock3(06) / ... para gatun_locks(04)
Mensaje D / 13:05:00:000 / gatun_locks(04) / 00:00:00:000 para top(01)
Mensaje D / 13:05:00:000 / top(01) / 00:00:00:000 para Root(00)
Mensaje * / 13:05:00:000 / Root(00) para top(01)
Mensaje * / 13:05:00:000 / top(01) para gatun_locks(04)
Mensaje * / 13:05:00:000 / gatun_locks(04) para lock2(07)
Mensaje Y / 13:05:00:000 / lock2(07) / out /    600.00000 para gatun_locks(04)
Mensaje D / 13:05:00:000 / lock2(07) / ... para gatun_locks(04)
Mensaje X / 13:05:00:000 / gatun_locks(04) / in /    600.00000 para lock3(06)
Mensaje D / 13:05:00:000 / lock3(06) / 01:00:00:000 para gatun_locks(04)
Mensaje D / 13:05:00:000 / gatun_locks(04) / 01:00:00:000 para top(01)
Mensaje D / 13:05:00:000 / top(01) / 01:00:00:000 para Root(00)
Mensaje * / 14:05:00:000 / Root(00) para top(01)
Mensaje * / 14:05:00:000 / top(01) para gatun_locks(04)
Mensaje * / 14:05:00:000 / gatun_locks(04) para lock3(06)
Mensaje Y / 14:05:00:000 / lock3(06) / controlout /      1.00000 para gatun_locks(04)
Mensaje D / 14:05:00:000 / lock3(06) / 00:10:00:000 para gatun_locks(04)
Mensaje X / 14:05:00:000 / gatun_locks(04) / controlin /      1.00000 para gate(05)
Mensaje D / 14:05:00:000 / gate(05) / 00:10:00:000 para gatun_locks(04)
Mensaje D / 14:05:00:000 / gatun_locks(04) / 00:10:00:000 para top(01)
Mensaje D / 14:05:00:000 / top(01) / 00:10:00:000 para Root(00)
Mensaje * / 14:15:00:000 / Root(00) para top(01)
Mensaje * / 14:15:00:000 / top(01) para gatun_locks(04)
Mensaje * / 14:15:00:000 / gatun_locks(04) para gate(05)
Mensaje D / 14:15:00:000 / gate(05) / ... para gatun_locks(04)
Mensaje D / 14:15:00:000 / gatun_locks(04) / 00:00:00:000 para top(01)
Mensaje D / 14:15:00:000 / top(01) / 00:00:00:000 para Root(00)
Mensaje * / 14:15:00:000 / Root(00) para top(01)
Mensaje * / 14:15:00:000 / top(01) para gatun_locks(04)
Mensaje * / 14:15:00:000 / gatun_locks(04) para lock3(06)
Mensaje Y / 14:15:00:000 / lock3(06) / out /    600.00000 para gatun_locks(04)
Mensaje D / 14:15:00:000 / lock3(06) / ... para gatun_locks(04)
Mensaje X / 14:15:00:000 / gatun_locks(04) / in /    600.00000 para gate(05)
Mensaje D / 14:15:00:000 / gate(05) / 01:00:00:000 para gatun_locks(04)
Mensaje D / 14:15:00:000 / gatun_locks(04) / 01:00:00:000 para top(01)
Mensaje D / 14:15:00:000 / top(01) / 01:00:00:000 para Root(00)
Mensaje * / 15:15:00:000 / Root(00) para top(01)
Mensaje * / 15:15:00:000 / top(01) para gatun_locks(04)
Mensaje * / 15:15:00:000 / gatun_locks(04) para gate(05)
Mensaje Y / 15:15:00:000 / gate(05) / out /    600.00000 para gatun_locks(04)
Mensaje Y / 15:15:00:000 / gate(05) / controlout /      1.00000 para gatun_locks(04)
Mensaje D / 15:15:00:000 / gate(05) / ... para gatun_locks(04)
Mensaje Y / 15:15:00:000 / gatun_locks(04) / out /    600.00000 para top(01)
Mensaje Y / 15:15:00:000 / gatun_locks(04) / controlout /      1.00000 para top(01)
Mensaje D / 15:15:00:000 / gatun_locks(04) / ... para top(01)
Mensaje Y / 15:15:00:000 / top(01) / out /    600.00000 para Root(00)
Mensaje X / 15:15:00:000 / top(01) / controlin /      1.00000 para controller(02)
Mensaje D / 15:15:00:000 / controller(02) / 00:05:00:000 para top(01)
Mensaje D / 15:15:00:000 / top(01) / 00:05:00:000 para Root(00)
Mensaje * / 15:20:00:000 / Root(00) para top(01)
Mensaje * / 15:20:00:000 / top(01) para controller(02)
Mensaje Y / 15:20:00:000 / controller(02) / controllocks /      1.00000 para top(01)
Mensaje Y / 15:20:00:000 / controller(02) / controlqueue /      1.00000 para top(01)
Mensaje D / 15:20:00:000 / controller(02) / ... para top(01)
Mensaje X / 15:20:00:000 / top(01) / controlin /      1.00000 para gatun_locks(04)
Mensaje X / 15:20:00:000 / top(01) / controlin /      1.00000 para queue(03)
Mensaje X / 15:20:00:000 / gatun_locks(04) / controlin /      1.00000 para lock1(08)
Mensaje D / 15:20:00:000 / queue(03) / 00:30:00:000 para top(01)
Mensaje D / 15:20:00:000 / lock1(08) / 00:10:00:000 para gatun_locks(04)
Mensaje D / 15:20:00:000 / gatun_locks(04) / 00:10:00:000 para top(01)
Mensaje D / 15:20:00:000 / top(01) / 00:10:00:000 para Root(00)
Mensaje * / 15:30:00:000 / Root(00) para top(01)
Mensaje * / 15:30:00:000 / top(01) para gatun_locks(04)
Mensaje * / 15:30:00:000 / gatun_locks(04) para lock1(08)
Mensaje D / 15:30:00:000 / lock1(08) / ... para gatun_locks(04)
Mensaje D / 15:30:00:000 / gatun_locks(04) / ... para top(01)
Mensaje D / 15:30:00:000 / top(01) / 00:20:00:000 para Root(00)
Mensaje * / 15:50:00:000 / Root(00) para top(01)
Mensaje * / 15:50:00:000 / top(01) para queue(03)
Mensaje Y / 15:50:00:000 / queue(03) / out /    900.00000 para top(01)
Mensaje D / 15:50:00:000 / queue(03) / ... para top(01)
Mensaje X / 15:50:00:000 / top(01) / in /    900.00000 para gatun_locks(04)
Mensaje X / 15:50:00:000 / gatun_locks(04) / in /    900.00000 para lock1(08)
Mensaje D / 15:50:00:000 / lock1(08) / 01:00:00:000 para gatun_locks(04)
Mensaje D / 15:50:00:000 / gatun_locks(04) / 01:00:00:000 para top(01)
Mensaje D / 15:50:00:000 / top(01) / 01:00:00:000 para Root(00)
Mensaje * / 16:50:00:000 / Root(00) para top(01)
Mensaje * / 16:50:00:000 / top(01) para gatun_locks(04)
Mensaje * / 16:50:00:000 / gatun_locks(04) para lock1(08)
Mensaje Y / 16:50:00:000 / lock1(08) / controlout /      1.00000 para gatun_locks(04)
Mensaje D / 16:50:00:000 / lock1(08) / 00:10:00:000 para gatun_locks(04)
Mensaje X / 16:50:00:000 / gatun_locks(04) / controlin /      1.00000 para lock2(07)
Mensaje D / 16:50:00:000 / lock2(07) / 00:10:00:000 para gatun_locks(04)
Mensaje D / 16:50:00:000 / gatun_locks(04) / 00:10:00:000 para top(01)
Mensaje D / 16:50:00:000 / top(01) / 00:10:00:000 para Root(00)
Mensaje * / 17:00:00:000 / Root(00) para top(01)
Mensaje * / 17:00:00:000 / top(01) para gatun_locks(04)
Mensaje * / 17:00:00:000 / gatun_locks(04) para lock2(07)
Mensaje D / 17:00:00:000 / lock2(07) / ... para gatun_locks(04)
Mensaje D / 17:00:00:000 / gatun_locks(04) / 00:00:00:000 para top(01)
Mensaje D / 17:00:00:000 / top(01) / 00:00:00:000 para Root(00)
Mensaje * / 17:00:00:000 / Root(00) para top(01)
Mensaje * / 17:00:00:000 / top(01) para gatun_locks(04)
Mensaje * / 17:00:00:000 / gatun_locks(04) para lock1(08)
Mensaje Y / 17:00:00:000 / lock1(08) / out /    900.00000 para gatun_locks(04)
Mensaje D / 17:00:00:000 / lock1(08) / ... para gatun_locks(04)
Mensaje X / 17:00:00:000 / gatun_locks(04) / in /    900.00000 para lock2(07)
Mensaje D / 17:00:00:000 / lock2(07) / 01:00:00:000 para gatun_locks(04)
Mensaje D / 17:00:00:000 / gatun_locks(04) / 01:00:00:000 para top(01)
Mensaje D / 17:00:00:000 / top(01) / 01:00:00:000 para Root(00)
Mensaje * / 18:00:00:000 / Root(00) para top(01)
Mensaje * / 18:00:00:000 / top(01) para gatun_locks(04)
Mensaje * / 18:00:00:000 / gatun_locks(04) para lock2(07)
Mensaje Y / 18:00:00:000 / lock2(07) / controlout /      1.00000 para gatun_locks(04)
Mensaje D / 18:00:00:000 / lock2(07) / 00:10:00:000 para gatun_locks(04)
Mensaje X / 18:00:00:000 / gatun_locks(04) / controlin /      1.00000 para lock3(06)
Mensaje D / 18:00:00:000 / lock3(06) / 00:10:00:000 para gatun_locks(04)
Mensaje D / 18:00:00:000 / gatun_locks(04) / 00:10:00:000 para top(01)
Mensaje D / 18:00:00:000 / top(01) / 00:10:00:000 para Root(00)
Mensaje * / 18:10:00:000 / Root(00) para top(01)
Mensaje * / 18:10:00:000 / top(01) para gatun_locks(04)
Mensaje * / 18:10:00:000 / gatun_locks(04) para lock3(06)
Mensaje D / 18:10:00:000 / lock3(06) / ... para gatun_locks(04)
Mensaje D / 18:10:00:000 / gatun_locks(04) / 00:00:00:000 para top(01)
Mensaje D / 18:10:00:000 / top(01) / 00:00:00:000 para Root(00)
Mensaje * / 18:10:00:000 / Root(00) para top(01)
Mensaje * / 18:10:00:000 / top(01) para gatun_locks(04)
Mensaje * / 18:10:00:000 / gatun_locks(04) para lock2(07)
Mensaje Y / 18:10:00:000 / lock2(07) / out /    900.00000 para gatun_locks(04)
Mensaje D / 18:10:00:000 / lock2(07) / ... para gatun_locks(04)
Mensaje X / 18:10:00:000 / gatun_locks(04) / in /    900.00000 para lock3(06)
Mensaje D / 18:10:00:000 / lock3(06) / 01:00:00:000 para gatun_locks(04)
Mensaje D / 18:10:00:000 / gatun_locks(04) / 01:00:00:000 para top(01)
Mensaje D / 18:10:00:000 / top(01) / 01:00:00:000 para Root(00)
Mensaje * / 19:10:00:000 / Root(00) para top(01)
Mensaje * / 19:10:00:000 / top(01) para gatun_locks(04)
Mensaje * / 19:10:00:000 / gatun_locks(04) para lock3(06)
Mensaje Y / 19:10:00:000 / lock3(06) / controlout /      1.00000 para gatun_locks(04)
Mensaje D / 19:10:00:000 / lock3(06) / 00:10:00:000 para gatun_locks(04)
Mensaje X / 19:10:00:000 / gatun_locks(04) / controlin /      1.00000 para gate(05)
Mensaje D / 19:10:00:000 / gate(05) / 00:10:00:000 para gatun_locks(04)
Mensaje D / 19:10:00:000 / gatun_locks(04) / 00:10:00:000 para top(01)
Mensaje D / 19:10:00:000 / top(01) / 00:10:00:000 para Root(00)
Mensaje * / 19:20:00:000 / Root(00) para top(01)
Mensaje * / 19:20:00:000 / top(01) para gatun_locks(04)
Mensaje * / 19:20:00:000 / gatun_locks(04) para gate(05)
Mensaje D / 19:20:00:000 / gate(05) / ... para gatun_locks(04)
Mensaje D / 19:20:00:000 / gatun_locks(04) / 00:00:00:000 para top(01)
Mensaje D / 19:20:00:000 / top(01) / 00:00:00:000 para Root(00)
Mensaje * / 19:20:00:000 / Root(00) para top(01)
Mensaje * / 19:20:00:000 / top(01) para gatun_locks(04)
Mensaje * / 19:20:00:000 / gatun_locks(04) para lock3(06)
Mensaje Y / 19:20:00:000 / lock3(06) / out /    900.00000 para gatun_locks(04)
Mensaje D / 19:20:00:000 / lock3(06) / ... para gatun_locks(04)
Mensaje X / 19:20:00:000 / gatun_locks(04) / in /    900.00000 para gate(05)
Mensaje D / 19:20:00:000 / gate(05) / 01:00:00:000 para gatun_locks(04)
Mensaje D / 19:20:00:000 / gatun_locks(04) / 01:00:00:000 para top(01)
Mensaje D / 19:20:00:000 / top(01) / 01:00:00:000 para Root(00)
Mensaje * / 20:20:00:000 / Root(00) para top(01)
Mensaje * / 20:20:00:000 / top(01) para gatun_locks(04)
Mensaje * / 20:20:00:000 / gatun_locks(04) para gate(05)
Mensaje Y / 20:20:00:000 / gate(05) / out /    900.00000 para gatun_locks(04)
Mensaje Y / 20:20:00:000 / gate(05) / controlout /      1.00000 para gatun_locks(04)
Mensaje D / 20:20:00:000 / gate(05) / ... para gatun_locks(04)
Mensaje Y / 20:20:00:000 / gatun_locks(04) / out /    900.00000 para top(01)
Mensaje Y / 20:20:00:000 / gatun_locks(04) / controlout /      1.00000 para top(01)
Mensaje D / 20:20:00:000 / gatun_locks(04) / ... para top(01)
Mensaje Y / 20:20:00:000 / top(01) / out /    900.00000 para Root(00)
Mensaje X / 20:20:00:000 / top(01) / controlin /      1.00000 para controller(02)
Mensaje D / 20:20:00:000 / controller(02) / 00:05:00:000 para top(01)
Mensaje D / 20:20:00:000 / top(01) / 00:05:00:000 para Root(00)
Mensaje * / 20:25:00:000 / Root(00) para top(01)
Mensaje * / 20:25:00:000 / top(01) para controller(02)
Mensaje Y / 20:25:00:000 / controller(02) / controllocks /      1.00000 para top(01)
Mensaje Y / 20:25:00:000 / controller(02) / controlqueue /      1.00000 para top(01)
Mensaje D / 20:25:00:000 / controller(02) / ... para top(01)
Mensaje X / 20:25:00:000 / top(01) / controlin /      1.00000 para gatun_locks(04)
Mensaje X / 20:25:00:000 / top(01) / controlin /      1.00000 para queue(03)
Mensaje X / 20:25:00:000 / gatun_locks(04) / controlin /      1.00000 para lock1(08)
Mensaje D / 20:25:00:000 / queue(03) / 00:30:00:000 para top(01)
Mensaje D / 20:25:00:000 / lock1(08) / 00:10:00:000 para gatun_locks(04)
Mensaje D / 20:25:00:000 / gatun_locks(04) / 00:10:00:000 para top(01)
Mensaje D / 20:25:00:000 / top(01) / 00:10:00:000 para Root(00)
Mensaje * / 20:35:00:000 / Root(00) para top(01)
Mensaje * / 20:35:00:000 / top(01) para gatun_locks(04)
Mensaje * / 20:35:00:000 / gatun_locks(04) para lock1(08)
Mensaje D / 20:35:00:000 / lock1(08) / ... para gatun_locks(04)
Mensaje D / 20:35:00:000 / gatun_locks(04) / ... para top(01)
Mensaje D / 20:35:00:000 / top(01) / 00:20:00:000 para Root(00)
Mensaje * / 20:55:00:000 / Root(00) para top(01)
Mensaje * / 20:55:00:000 / top(01) para queue(03)
Mensaje Y / 20:55:00:000 / queue(03) / out /   1000.00000 para top(01)
Mensaje D / 20:55:00:000 / queue(03) / ... para top(01)
Mensaje X / 20:55:00:000 / top(01) / in /   1000.00000 para gatun_locks(04)
Mensaje X / 20:55:00:000 / gatun_locks(04) / in /   1000.00000 para lock1(08)
Mensaje D / 20:55:00:000 / lock1(08) / 01:00:00:000 para gatun_locks(04)
Mensaje D / 20:55:00:000 / gatun_locks(04) / 01:00:00:000 para top(01)
Mensaje D / 20:55:00:000 / top(01) / 01:00:00:000 para Root(00)
Mensaje * / 21:55:00:000 / Root(00) para top(01)
Mensaje * / 21:55:00:000 / top(01) para gatun_locks(04)
Mensaje * / 21:55:00:000 / gatun_locks(04) para lock1(08)
Mensaje Y / 21:55:00:000 / lock1(08) / controlout /      1.00000 para gatun_locks(04)
Mensaje D / 21:55:00:000 / lock1(08) / 00:10:00:000 para gatun_locks(04)
Mensaje X / 21:55:00:000 / gatun_locks(04) / controlin /      1.00000 para lock2(07)
Mensaje D / 21:55:00:000 / lock2(07) / 00:10:00:000 para gatun_locks(04)
Mensaje D / 21:55:00:000 / gatun_locks(04) / 00:10:00:000 para top(01)
Mensaje D / 21:55:00:000 / top(01) / 00:10:00:000 para Root(00)
Mensaje * / 22:05:00:000 / Root(00) para top(01)
Mensaje * / 22:05:00:000 / top(01) para gatun_locks(04)
Mensaje * / 22:05:00:000 / gatun_locks(04) para lock2(07)
Mensaje D / 22:05:00:000 / lock2(07) / ... para gatun_locks(04)
Mensaje D / 22:05:00:000 / gatun_locks(04) / 00:00:00:000 para top(01)
Mensaje D / 22:05:00:000 / top(01) / 00:00:00:000 para Root(00)
Mensaje * / 22:05:00:000 / Root(00) para top(01)
Mensaje * / 22:05:00:000 / top(01) para gatun_locks(04)
Mensaje * / 22:05:00:000 / gatun_locks(04) para lock1(08)
Mensaje Y / 22:05:00:000 / lock1(08) / out /   1000.00000 para gatun_locks(04)
Mensaje D / 22:05:00:000 / lock1(08) / ... para gatun_locks(04)
Mensaje X / 22:05:00:000 / gatun_locks(04) / in /   1000.00000 para lock2(07)
Mensaje D / 22:05:00:000 / lock2(07) / 01:00:00:000 para gatun_locks(04)
Mensaje D / 22:05:00:000 / gatun_locks(04) / 01:00:00:000 para top(01)
Mensaje D / 22:05:00:000 / top(01) / 01:00:00:000 para Root(00)
Mensaje * / 23:05:00:000 / Root(00) para top(01)
Mensaje * / 23:05:00:000 / top(01) para gatun_locks(04)
Mensaje * / 23:05:00:000 / gatun_locks(04) para lock2(07)
Mensaje Y / 23:05:00:000 / lock2(07) / controlout /      1.00000 para gatun_locks(04)
Mensaje D / 23:05:00:000 / lock2(07) / 00:10:00:000 para gatun_locks(04)
Mensaje X / 23:05:00:000 / gatun_locks(04) / controlin /      1.00000 para lock3(06)
Mensaje D / 23:05:00:000 / lock3(06) / 00:10:00:000 para gatun_locks(04)
Mensaje D / 23:05:00:000 / gatun_locks(04) / 00:10:00:000 para top(01)
Mensaje D / 23:05:00:000 / top(01) / 00:10:00:000 para Root(00)
Mensaje * / 23:15:00:000 / Root(00) para top(01)
Mensaje * / 23:15:00:000 / top(01) para gatun_locks(04)
Mensaje * / 23:15:00:000 / gatun_locks(04) para lock3(06)
Mensaje D / 23:15:00:000 / lock3(06) / ... para gatun_locks(04)
Mensaje D / 23:15:00:000 / gatun_locks(04) / 00:00:00:000 para top(01)
Mensaje D / 23:15:00:000 / top(01) / 00:00:00:000 para Root(00)
Mensaje * / 23:15:00:000 / Root(00) para top(01)
Mensaje * / 23:15:00:000 / top(01) para gatun_locks(04)
Mensaje * / 23:15:00:000 / gatun_locks(04) para lock2(07)
Mensaje Y / 23:15:00:000 / lock2(07) / out /   1000.00000 para gatun_locks(04)
Mensaje D / 23:15:00:000 / lock2(07) / ... para gatun_locks(04)
Mensaje X / 23:15:00:000 / gatun_locks(04) / in /   1000.00000 para lock3(06)
Mensaje D / 23:15:00:000 / lock3(06) / 01:00:00:000 para gatun_locks(04)
Mensaje D / 23:15:00:000 / gatun_locks(04) / 01:00:00:000 para top(01)
Mensaje D / 23:15:00:000 / top(01) / 01:00:00:000 para Root(00)
Mensaje * / 24:15:00:000 / Root(00) para top(01)
Mensaje * / 24:15:00:000 / top(01) para gatun_locks(04)
Mensaje * / 24:15:00:000 / gatun_locks(04) para lock3(06)
Mensaje Y / 24:15:00:000 / lock3(06) / controlout /      1.00000 para gatun_locks(04)
Mensaje D / 24:15:00:000 / lock3(06) / 00:10:00:000 para gatun_locks(04)
Mensaje X / 24:15:00:000 / gatun_locks(04) / controlin /      1.00000 para gate(05)
Mensaje D / 24:15:00:000 / gate(05) / 00:10:00:000 para gatun_locks(04)
Mensaje D / 24:15:00:000 / gatun_locks(04) / 00:10:00:000 para top(01)
Mensaje D / 24:15:00:000 / top(01) / 00:10:00:000 para Root(00)
Mensaje * / 24:25:00:000 / Root(00) para top(01)
Mensaje * / 24:25:00:000 / top(01) para gatun_locks(04)
Mensaje * / 24:25:00:000 / gatun_locks(04) para gate(05)
Mensaje D / 24:25:00:000 / gate(05) / ... para gatun_locks(04)
Mensaje D / 24:25:00:000 / gatun_locks(04) / 00:00:00:000 para top(01)
Mensaje D / 24:25:00:000 / top(01) / 00:00:00:000 para Root(00)
Mensaje * / 24:25:00:000 / Root(00) para top(01)
Mensaje * / 24:25:00:000 / top(01) para gatun_locks(04)
Mensaje * / 24:25:00:000 / gatun_locks(04) para lock3(06)
Mensaje Y / 24:25:00:000 / lock3(06) / out /   1000.00000 para gatun_locks(04)
Mensaje D / 24:25:00:000 / lock3(06) / ... para gatun_locks(04)
Mensaje X / 24:25:00:000 / gatun_locks(04) / in /   1000.00000 para gate(05)
Mensaje D / 24:25:00:000 / gate(05) / 01:00:00:000 para gatun_locks(04)
Mensaje D / 24:25:00:000 / gatun_locks(04) / 01:00:00:000 para top(01)
Mensaje D / 24:25:00:000 / top(01) / 01:00:00:000 para Root(00)
Mensaje * / 25:25:00:000 / Root(00) para top(01)
Mensaje * / 25:25:00:000 / top(01) para gatun_locks(04)
Mensaje * / 25:25:00:000 / gatun_locks(04) para gate(05)
Mensaje Y / 25:25:00:000 / gate(05) / out /   1000.00000 para gatun_locks(04)
Mensaje Y / 25:25:00:000 / gate(05) / controlout /      1.00000 para gatun_locks(04)
Mensaje D / 25:25:00:000 / gate(05) / ... para gatun_locks(04)
Mensaje Y / 25:25:00:000 / gatun_locks(04) / out /   1000.00000 para top(01)
Mensaje Y / 25:25:00:000 / gatun_locks(04) / controlout /      1.00000 para top(01)
Mensaje D / 25:25:00:000 / gatun_locks(04) / ... para top(01)
Mensaje Y / 25:25:00:000 / top(01) / out /   1000.00000 para Root(00)
Mensaje X / 25:25:00:000 / top(01) / controlin /      1.00000 para controller(02)
Mensaje D / 25:25:00:000 / controller(02) / 00:05:00:000 para top(01)
Mensaje D / 25:25:00:000 / top(01) / 00:05:00:000 para Root(00)
Mensaje * / 25:30:00:000 / Root(00) para top(01)
Mensaje * / 25:30:00:000 / top(01) para controller(02)
Mensaje Y / 25:30:00:000 / controller(02) / controllocks /      1.00000 para top(01)
Mensaje Y / 25:30:00:000 / controller(02) / controlqueue /      1.00000 para top(01)
Mensaje D / 25:30:00:000 / controller(02) / ... para top(01)
Mensaje X / 25:30:00:000 / top(01) / controlin /      1.00000 para gatun_locks(04)
Mensaje X / 25:30:00:000 / top(01) / controlin /      1.00000 para queue(03)
Mensaje X / 25:30:00:000 / gatun_locks(04) / controlin /      1.00000 para lock1(08)
Mensaje D / 25:30:00:000 / queue(03) / ... para top(01)
Mensaje D / 25:30:00:000 / lock1(08) / 00:10:00:000 para gatun_locks(04)
Mensaje D / 25:30:00:000 / gatun_locks(04) / 00:10:00:000 para top(01)
Mensaje D / 25:30:00:000 / top(01) / 00:10:00:000 para Root(00)
Mensaje * / 25:40:00:000 / Root(00) para top(01)
Mensaje * / 25:40:00:000 / top(01) para gatun_locks(04)
Mensaje * / 25:40:00:000 / gatun_locks(04) para lock1(08)
Mensaje D / 25:40:00:000 / lock1(08) / ... para gatun_locks(04)
Mensaje D / 25:40:00:000 / gatun_locks(04) / ... para top(01)
Mensaje D / 25:40:00:000 / top(01) / ... para Root(00)
