Mensaje I / 00:00:00:000 / Root(00) para top(01)
Mensaje I / 00:00:00:000 / top(01) para queue(02)
Mensaje D / 00:00:00:000 / queue(02) / ... para top(01)
Mensaje D / 00:00:00:000 / top(01) / ... para Root(00)
Mensaje X / 00:30:00:000 / Root(00) / in /     10.00000 para top(01)
Mensaje X / 00:30:00:000 / top(01) / in /     10.00000 para queue(02)
Mensaje D / 00:30:00:000 / queue(02) / ... para top(01)
Mensaje D / 00:30:00:000 / top(01) / ... para Root(00)
Mensaje X / 00:35:00:000 / Root(00) / controlin /      1.00000 para top(01)
Mensaje X / 00:35:00:000 / top(01) / controlin /      1.00000 para queue(02)
Mensaje D / 00:35:00:000 / queue(02) / 00:30:00:000 para top(01)
Mensaje D / 00:35:00:000 / top(01) / 00:30:00:000 para Root(00)
Mensaje X / 00:45:00:000 / Root(00) / in /     20.00000 para top(01)
Mensaje X / 00:45:00:000 / top(01) / in /     20.00000 para queue(02)
Mensaje D / 00:45:00:000 / queue(02) / 00:20:00:000 para top(01)
Mensaje D / 00:45:00:000 / top(01) / 00:20:00:000 para Root(00)
Mensaje * / 01:05:00:000 / Root(00) para top(01)
Mensaje * / 01:05:00:000 / top(01) para queue(02)
Mensaje Y / 01:05:00:000 / queue(02) / out /     10.00000 para top(01)
Mensaje D / 01:05:00:000 / queue(02) / ... para top(01)
Mensaje Y / 01:05:00:000 / top(01) / out /     10.00000 para Root(00)
Mensaje D / 01:05:00:000 / top(01) / ... para Root(00)
Mensaje X / 01:30:00:000 / Root(00) / in /     30.00000 para top(01)
Mensaje X / 01:30:00:000 / top(01) / in /     30.00000 para queue(02)
Mensaje D / 01:30:00:000 / queue(02) / ... para top(01)
Mensaje D / 01:30:00:000 / top(01) / ... para Root(00)
Mensaje X / 02:00:00:000 / Root(00) / controlin /      1.00000 para top(01)
Mensaje X / 02:00:00:000 / top(01) / controlin /      1.00000 para queue(02)
Mensaje D / 02:00:00:000 / queue(02) / 00:30:00:000 para top(01)
Mensaje D / 02:00:00:000 / top(01) / 00:30:00:000 para Root(00)
Mensaje * / 02:30:00:000 / Root(00) para top(01)
Mensaje * / 02:30:00:000 / top(01) para queue(02)
Mensaje Y / 02:30:00:000 / queue(02) / out /     20.00000 para top(01)
Mensaje D / 02:30:00:000 / queue(02) / ... para top(01)
Mensaje Y / 02:30:00:000 / top(01) / out /     20.00000 para Root(00)
Mensaje D / 02:30:00:000 / top(01) / ... para Root(00)
Mensaje X / 04:00:00:000 / Root(00) / controlin /      1.00000 para top(01)
Mensaje X / 04:00:00:000 / top(01) / controlin /      1.00000 para queue(02)
Mensaje D / 04:00:00:000 / queue(02) / 00:30:00:000 para top(01)
Mensaje D / 04:00:00:000 / top(01) / 00:30:00:000 para Root(00)
Mensaje * / 04:30:00:000 / Root(00) para top(01)
Mensaje * / 04:30:00:000 / top(01) para queue(02)
Mensaje Y / 04:30:00:000 / queue(02) / out /     30.00000 para top(01)
Mensaje D / 04:30:00:000 / queue(02) / ... para top(01)
Mensaje Y / 04:30:00:000 / top(01) / out /     30.00000 para Root(00)
Mensaje D / 04:30:00:000 / top(01) / ... para Root(00)
Mensaje X / 04:50:00:000 / Root(00) / controlin /      1.00000 para top(01)
Mensaje X / 04:50:00:000 / top(01) / controlin /      1.00000 para queue(02)
Mensaje D / 04:50:00:000 / queue(02) / ... para top(01)
Mensaje D / 04:50:00:000 / top(01) / ... para Root(00)
Mensaje X / 05:00:00:000 / Root(00) / in /     40.00000 para top(01)
Mensaje X / 05:00:00:000 / top(01) / in /     40.00000 para queue(02)
Mensaje D / 05:00:00:000 / queue(02) / 00:30:00:000 para top(01)
Mensaje D / 05:00:00:000 / top(01) / 00:30:00:000 para Root(00)
Mensaje * / 05:30:00:000 / Root(00) para top(01)
Mensaje * / 05:30:00:000 / top(01) para queue(02)
Mensaje Y / 05:30:00:000 / queue(02) / out /     40.00000 para top(01)
Mensaje D / 05:30:00:000 / queue(02) / ... para top(01)
Mensaje Y / 05:30:00:000 / top(01) / out /     40.00000 para Root(00)
Mensaje D / 05:30:00:000 / top(01) / ... para Root(00)
Mensaje X / 06:00:00:000 / Root(00) / in /     50.00000 para top(01)
Mensaje X / 06:00:00:000 / top(01) / in /     50.00000 para queue(02)
Mensaje D / 06:00:00:000 / queue(02) / ... para top(01)
Mensaje D / 06:00:00:000 / top(01) / ... para Root(00)
